<?xml version="1.0" encoding="UTF-8"?>
<!-- Generated by org.testng.reporters.JUnitXMLReporter -->
<testsuite hostname="LAPTOP-CESU4ELL" ignored="0" name="Default test" tests="1" failures="1" timestamp="03 Feb 2021 17:35:09 GMT" time="16.173" errors="0">
  <testcase name="openBrowser" time="16.112" classname="DataDriven.Demo1Page">
    <failure type="org.openqa.selenium.SessionNotCreatedException" message="session not created
from chrome not reachable
  (Session info: chrome=88.0.4324.104)
Build info: version: &amp;apos;3.141.59&amp;apos;, revision: &amp;apos;e82be7d358&amp;apos;, time: &amp;apos;2018-11-14T08:25:53&amp;apos;
System info: host: &amp;apos;LAPTOP-CESU4ELL&amp;apos;, ip: &amp;apos;192.168.43.173&amp;apos;, os.name: &amp;apos;Windows 10&amp;apos;, os.arch: &amp;apos;amd64&amp;apos;, os.version: &amp;apos;10.0&amp;apos;, java.version: &amp;apos;1.8.0_241&amp;apos;
Driver info: driver.version: ChromeDriver
remote stacktrace: Backtrace:
	Ordinal0 [0x00F0C0C3+3326147]
	Ordinal0 [0x00DF0851+2164817]
	Ordinal0 [0x00C77140+618816]
	Ordinal0 [0x00C6D404+578564]
	Ordinal0 [0x00C6DACB+580299]
	Ordinal0 [0x00C6ED35+585013]
	Ordinal0 [0x00C69D61+564577]
	Ordinal0 [0x00C782C0+623296]
	Ordinal0 [0x00C16BDD+224221]
	Ordinal0 [0x00C15CAC+220332]
	Ordinal0 [0x00C1189B+202907]
	Ordinal0 [0x00BF3DF4+81396]
	Ordinal0 [0x00BF4DEE+85486]
	Ordinal0 [0x00BF4D79+85369]
	Ordinal0 [0x00E085DC+2262492]
	GetHandleVerifier [0x01092874+1487204]
	GetHandleVerifier [0x010923CD+1486013]
	GetHandleVerifier [0x0109A368+1518680]
	GetHandleVerifier [0x01092F4E+1488958]
	Ordinal0 [0x00DFED0D+2223373]
	Ordinal0 [0x00E0A12B+2269483]
	Ordinal0 [0x00E0A26F+2269807]
	Ordinal0 [0x00E1ECB8+2354360]
	BaseThreadInitThunk [0x75316359+25]
	RtlGetAppContainerNamedObjectPath [0x76F27B74+228]
	RtlGetAppContainerNamedObjectPath [0x76F27B44+180]
">
      <![CDATA[org.openqa.selenium.SessionNotCreatedException: session not created
from chrome not reachable
  (Session info: chrome=88.0.4324.104)
Build info: version: '3.141.59', revision: 'e82be7d358', time: '2018-11-14T08:25:53'
System info: host: 'LAPTOP-CESU4ELL', ip: '192.168.43.173', os.name: 'Windows 10', os.arch: 'amd64', os.version: '10.0', java.version: '1.8.0_241'
Driver info: driver.version: ChromeDriver
remote stacktrace: Backtrace:
Ordinal0 [0x00F0C0C3+3326147]
Ordinal0 [0x00DF0851+2164817]
Ordinal0 [0x00C77140+618816]
Ordinal0 [0x00C6D404+578564]
Ordinal0 [0x00C6DACB+580299]
Ordinal0 [0x00C6ED35+585013]
Ordinal0 [0x00C69D61+564577]
Ordinal0 [0x00C782C0+623296]
Ordinal0 [0x00C16BDD+224221]
Ordinal0 [0x00C15CAC+220332]
Ordinal0 [0x00C1189B+202907]
Ordinal0 [0x00BF3DF4+81396]
Ordinal0 [0x00BF4DEE+85486]
Ordinal0 [0x00BF4D79+85369]
Ordinal0 [0x00E085DC+2262492]
GetHandleVerifier [0x01092874+1487204]
GetHandleVerifier [0x010923CD+1486013]
GetHandleVerifier [0x0109A368+1518680]
GetHandleVerifier [0x01092F4E+1488958]
Ordinal0 [0x00DFED0D+2223373]
Ordinal0 [0x00E0A12B+2269483]
Ordinal0 [0x00E0A26F+2269807]
Ordinal0 [0x00E1ECB8+2354360]
BaseThreadInitThunk [0x75316359+25]
RtlGetAppContainerNamedObjectPath [0x76F27B74+228]
RtlGetAppContainerNamedObjectPath [0x76F27B44+180]

at sun.reflect.NativeConstructorAccessorImpl.newInstance0(Native Method)
at sun.reflect.NativeConstructorAccessorImpl.newInstance(Unknown Source)
at sun.reflect.DelegatingConstructorAccessorImpl.newInstance(Unknown Source)
at java.lang.reflect.Constructor.newInstance(Unknown Source)
at org.openqa.selenium.remote.W3CHandshakeResponse.lambda$errorHandler$0(W3CHandshakeResponse.java:62)
at org.openqa.selenium.remote.HandshakeResponse.lambda$getResponseFunction$0(HandshakeResponse.java:30)
at org.openqa.selenium.remote.ProtocolHandshake.lambda$createSession$0(ProtocolHandshake.java:126)
at java.util.stream.ReferencePipeline$3$1.accept(Unknown Source)
at java.util.Spliterators$ArraySpliterator.tryAdvance(Unknown Source)
at java.util.stream.ReferencePipeline.forEachWithCancel(Unknown Source)
at java.util.stream.AbstractPipeline.copyIntoWithCancel(Unknown Source)
at java.util.stream.AbstractPipeline.copyInto(Unknown Source)
at java.util.stream.AbstractPipeline.wrapAndCopyInto(Unknown Source)
at java.util.stream.FindOps$FindOp.evaluateSequential(Unknown Source)
at java.util.stream.AbstractPipeline.evaluate(Unknown Source)
at java.util.stream.ReferencePipeline.findFirst(Unknown Source)
at org.openqa.selenium.remote.ProtocolHandshake.createSession(ProtocolHandshake.java:128)
at org.openqa.selenium.remote.ProtocolHandshake.createSession(ProtocolHandshake.java:74)
at org.openqa.selenium.remote.HttpCommandExecutor.execute(HttpCommandExecutor.java:136)
at org.openqa.selenium.remote.service.DriverCommandExecutor.execute(DriverCommandExecutor.java:83)
at org.openqa.selenium.remote.RemoteWebDriver.execute(RemoteWebDriver.java:552)
at org.openqa.selenium.remote.RemoteWebDriver.startSession(RemoteWebDriver.java:213)
at org.openqa.selenium.remote.RemoteWebDriver.<init>(RemoteWebDriver.java:131)
at org.openqa.selenium.chrome.ChromeDriver.<init>(ChromeDriver.java:181)
at org.openqa.selenium.chrome.ChromeDriver.<init>(ChromeDriver.java:168)
at org.openqa.selenium.chrome.ChromeDriver.<init>(ChromeDriver.java:123)
at DataDriven.Demo1Page.openBrowser(Demo1Page.java:14)
at sun.reflect.NativeMethodAccessorImpl.invoke0(Native Method)
at sun.reflect.NativeMethodAccessorImpl.invoke(Unknown Source)
at sun.reflect.DelegatingMethodAccessorImpl.invoke(Unknown Source)
at java.lang.reflect.Method.invoke(Unknown Source)
at org.testng.internal.MethodInvocationHelper.invokeMethod(MethodInvocationHelper.java:124)
at org.testng.internal.Invoker.invokeMethod(Invoker.java:583)
at org.testng.internal.Invoker.invokeTestMethod(Invoker.java:719)
at org.testng.internal.Invoker.invokeTestMethods(Invoker.java:989)
at org.testng.internal.TestMethodWorker.invokeTestMethods(TestMethodWorker.java:125)
at org.testng.internal.TestMethodWorker.run(TestMethodWorker.java:109)
at org.testng.TestRunner.privateRun(TestRunner.java:648)
at org.testng.TestRunner.run(TestRunner.java:505)
at org.testng.SuiteRunner.runTest(SuiteRunner.java:455)
at org.testng.SuiteRunner.runSequentially(SuiteRunner.java:450)
at org.testng.SuiteRunner.privateRun(SuiteRunner.java:415)
at org.testng.SuiteRunner.run(SuiteRunner.java:364)
at org.testng.SuiteRunnerWorker.runSuite(SuiteRunnerWorker.java:52)
at org.testng.SuiteRunnerWorker.run(SuiteRunnerWorker.java:84)
at org.testng.TestNG.runSuitesSequentially(TestNG.java:1208)
at org.testng.TestNG.runSuitesLocally(TestNG.java:1137)
at org.testng.TestNG.runSuites(TestNG.java:1049)
at org.testng.TestNG.run(TestNG.java:1017)
at org.testng.remote.AbstractRemoteTestNG.run(AbstractRemoteTestNG.java:115)
at org.testng.remote.RemoteTestNG.initAndRun(RemoteTestNG.java:251)
at org.testng.remote.RemoteTestNG.main(RemoteTestNG.java:77)
]]>
    </failure>
  </testcase> <!-- openBrowser -->
</testsuite> <!-- Default test -->
